INFO: 2020-01-17 11:10:00,576: main() 'Using profile folder /home/niel/.config/variety/'
INFO: 2020-01-17 11:10:00,581: perform_upgrade() 'Last run version was 0.8.2 or earlier, current version is 0.8.2'
INFO: 2020-01-17 11:10:00,852: process_command() 'Received command: ['--profile', '/home/niel/.config/variety/', '%U']'
INFO: 2020-01-17 11:10:00,856: process_command() 'Treating free arguments as urls: ['%U']'
INFO: 2020-01-17 11:10:00,856: load_banned() 'Missing or invalid banned URLs list, no URLs will be banned'
INFO: 2020-01-17 11:10:00,948: start() 'Using data_path /usr/share/variety'
INFO: 2020-01-17 11:10:00,949: load() 'Jumble loading'
INFO: 2020-01-17 11:10:00,949: _walk_modules() 'Jumble loading module in __init__ from /usr/lib/python3.8/site-packages/variety/plugins/builtin/__init__.py'
INFO: 2020-01-17 11:10:00,951: _walk_modules() 'Jumble loading module in GoodreadsSource from /usr/lib/python3.8/site-packages/variety/plugins/builtin/quotes/GoodreadsSource.py'
INFO: 2020-01-17 11:10:00,963: load() 'Jumble found plugin class: <class 'GoodreadsSource.GoodreadsSource'>: {'name': 'Goodreads', 'description': 'Fetches quotes from Goodreads.com', 'author': 'Peter Levi', 'version': '0.1'}'
INFO: 2020-01-17 11:10:00,964: _walk_modules() 'Jumble loading module in UrbanDictionarySource from /usr/lib/python3.8/site-packages/variety/plugins/builtin/quotes/UrbanDictionarySource.py'
INFO: 2020-01-17 11:10:00,965: load() 'Jumble found plugin class: <class 'UrbanDictionarySource.UrbanDictionarySource'>: {'name': 'Urban Dictionary', 'description': 'Displays definitions from Urban Dictionary', 'author': 'James Miller', 'version': '0.1'}'
INFO: 2020-01-17 11:10:00,966: _walk_modules() 'Jumble loading module in QuotationsPageSource from /usr/lib/python3.8/site-packages/variety/plugins/builtin/quotes/QuotationsPageSource.py'
INFO: 2020-01-17 11:10:00,967: load() 'Jumble found plugin class: <class 'QuotationsPageSource.QuotationsPageSource'>: {'name': 'TheQuotationsPage.com', 'description': 'Fetches quotes from TheQuotationsPage.com', 'author': 'Peter Levi', 'version': '0.1'}'
INFO: 2020-01-17 11:10:00,967: _walk_modules() 'Jumble loading module in __init__ from /usr/lib/python3.8/site-packages/variety/plugins/builtin/quotes/__init__.py'
INFO: 2020-01-17 11:10:00,968: _walk_modules() 'Jumble loading module in FortuneSource from /usr/lib/python3.8/site-packages/variety/plugins/builtin/quotes/FortuneSource.py'
INFO: 2020-01-17 11:10:00,969: load() 'Jumble found plugin class: <class 'FortuneSource.FortuneSource'>: {'name': 'UNIX fortune program', 'description': 'Displays quotes using the UNIX fortune program. You may want to install additional fortune packs, e.g. fortunes-bofh-excuses.', 'author': 'Dan Jones', 'version': '0.1'}'
INFO: 2020-01-17 11:10:00,969: _walk_modules() 'Jumble loading module in LocalFilesSource from /usr/lib/python3.8/site-packages/variety/plugins/builtin/quotes/LocalFilesSource.py'
INFO: 2020-01-17 11:10:00,970: load() 'Jumble found plugin class: <class 'LocalFilesSource.LocalFilesSource'>: {'name': 'Local text files', 'description': 'Displays quotes, defined in local text files.\nPut your own txt files in: /home/niel/.config/variety/pluginconfig/quotes/.\nThe file format is:\n\nquote -- author\n.\nsecond quote -- another author\n.\netc...\n\nExample: http://rvelthuis.de/zips/quotes.txt', 'author': 'Peter Levi', 'version': '0.1'}'
INFO: 2020-01-17 11:10:00,971: _walk_modules() 'Jumble loading module in EarthDownloader from /usr/lib/python3.8/site-packages/variety/plugins/builtin/downloaders/EarthDownloader.py'
INFO: 2020-01-17 11:10:00,972: load() 'Jumble found plugin class: <class 'EarthDownloader.EarthDownloader'>: {'name': 'EarthDownloader', 'description': 'World Sunlight Map - live wallpaper from Die.net', 'author': 'Peter Levi', 'version': '0.1'}'
INFO: 2020-01-17 11:10:00,973: _walk_modules() 'Jumble loading module in UnsplashDownloader from /usr/lib/python3.8/site-packages/variety/plugins/builtin/downloaders/UnsplashDownloader.py'
INFO: 2020-01-17 11:10:00,974: load() 'Jumble found plugin class: <class 'UnsplashDownloader.UnsplashDownloader'>: {'name': 'UnsplashDownloader', 'description': 'High-resolution photos from Unsplash.com', 'author': 'Peter Levi', 'version': '0.1'}'
INFO: 2020-01-17 11:10:00,975: _walk_modules() 'Jumble loading module in WallhavenDownloader from /usr/lib/python3.8/site-packages/variety/plugins/builtin/downloaders/WallhavenDownloader.py'
INFO: 2020-01-17 11:10:00,976: _walk_modules() 'Jumble loading module in MediaRSSDownloader from /usr/lib/python3.8/site-packages/variety/plugins/builtin/downloaders/MediaRSSDownloader.py'
INFO: 2020-01-17 11:10:00,977: _walk_modules() 'Jumble loading module in RedditDownloader from /usr/lib/python3.8/site-packages/variety/plugins/builtin/downloaders/RedditDownloader.py'
INFO: 2020-01-17 11:10:00,979: _walk_modules() 'Jumble loading module in BingDownloader from /usr/lib/python3.8/site-packages/variety/plugins/builtin/downloaders/BingDownloader.py'
INFO: 2020-01-17 11:10:00,979: load() 'Jumble found plugin class: <class 'BingDownloader.BingDownloader'>: {'name': 'BingDownloader', 'description': 'Bing Photo of the Day', 'author': 'Peter Levi', 'version': '0.1'}'
INFO: 2020-01-17 11:10:00,980: _walk_modules() 'Jumble loading module in ChromeOSWallpapersDownloader from /usr/lib/python3.8/site-packages/variety/plugins/builtin/downloaders/ChromeOSWallpapersDownloader.py'
INFO: 2020-01-17 11:10:00,981: load() 'Jumble found plugin class: <class 'ChromeOSWallpapersDownloader.ChromeOSWallpapersDownloader'>: {'name': 'ChromeOsWallpapersDownloader', 'description': 'Chrome OS Wallpapers', 'author': 'Peter Levi', 'version': '0.1'}'
INFO: 2020-01-17 11:10:00,981: _walk_modules() 'Jumble loading module in EarthviewDownloader from /usr/lib/python3.8/site-packages/variety/plugins/builtin/downloaders/EarthviewDownloader.py'
INFO: 2020-01-17 11:10:00,982: load() 'Jumble found plugin class: <class 'EarthviewDownloader.EarthviewDownloader'>: {'name': 'EarthviewDownloader', 'description': 'Google Earth View Wallpapers', 'author': 'Peter Levi', 'version': '0.1'}'
INFO: 2020-01-17 11:10:00,983: _walk_modules() 'Jumble loading module in MediaRSSSource from /usr/lib/python3.8/site-packages/variety/plugins/builtin/downloaders/MediaRSSSource.py'
INFO: 2020-01-17 11:10:00,985: load() 'Jumble found plugin class: <class 'MediaRSSSource.MediaRSSSource'>: {'name': 'MediaRSSSource', 'description': 'Configurable source for fetching images from MediaRSS feeds', 'author': 'Peter Levi', 'version': '0.1'}'
INFO: 2020-01-17 11:10:00,985: _walk_modules() 'Jumble loading module in __init__ from /usr/lib/python3.8/site-packages/variety/plugins/builtin/downloaders/__init__.py'
INFO: 2020-01-17 11:10:00,986: _walk_modules() 'Jumble loading module in DesktopprDownloader from /usr/lib/python3.8/site-packages/variety/plugins/builtin/downloaders/DesktopprDownloader.py'
INFO: 2020-01-17 11:10:00,987: load() 'Jumble found plugin class: <class 'DesktopprDownloader.DesktopprDownloader'>: {'name': 'DesktopprDownloader', 'description': 'Random wallpapers from Desktoppr.co', 'author': 'Peter Levi', 'version': '0.1'}'
INFO: 2020-01-17 11:10:00,987: _walk_modules() 'Jumble loading module in WallhavenSource from /usr/lib/python3.8/site-packages/variety/plugins/builtin/downloaders/WallhavenSource.py'
INFO: 2020-01-17 11:10:00,989: load() 'Jumble found plugin class: <class 'WallhavenSource.WallhavenSource'>: {'name': 'MediaRSSSource', 'description': 'Configurable source for fetching images from Wallhaven.cc', 'author': 'Peter Levi', 'version': '0.1'}'
INFO: 2020-01-17 11:10:00,989: _walk_modules() 'Jumble loading module in APODDownloader from /usr/lib/python3.8/site-packages/variety/plugins/builtin/downloaders/APODDownloader.py'
INFO: 2020-01-17 11:10:00,990: load() 'Jumble found plugin class: <class 'APODDownloader.APODDownloader'>: {'name': 'APODDownloader', 'description': 'NASA Astro Pic of the Day', 'author': 'Peter Levi', 'version': '0.1'}'
INFO: 2020-01-17 11:10:00,991: _walk_modules() 'Jumble loading module in RedditSource from /usr/lib/python3.8/site-packages/variety/plugins/builtin/downloaders/RedditSource.py'
INFO: 2020-01-17 11:10:00,992: load() 'Jumble found plugin class: <class 'RedditSource.RedditSource'>: {'name': 'RedditSource', 'description': 'Configurable source for fetching images from Reddit', 'author': 'Peter Levi', 'version': '0.1'}'
INFO: 2020-01-17 11:10:00,993: _walk_modules() 'Jumble loading module in UnsplashConfigurableSource from /usr/lib/python3.8/site-packages/variety/plugins/builtin/downloaders/UnsplashConfigurableSource.py'
INFO: 2020-01-17 11:10:00,994: load() 'Jumble found plugin class: <class 'UnsplashConfigurableSource.UnsplashConfigurableSource'>: {'name': 'UnsplashConfigurableSource', 'description': 'Configurable source for fetching photos from Unsplash.com', 'author': 'Peter Levi', 'version': '0.1'}'
INFO: 2020-01-17 11:10:00,999: reload_config() 'Creating new downloader for type desktoppr, location Random wallpapers from Desktoppr.co'
INFO: 2020-01-17 11:10:01,001: log_options() 'Loaded options:'
INFO: 2020-01-17 11:10:01,002: log_options() 'change_enabled = True'
INFO: 2020-01-17 11:10:01,002: log_options() 'change_interval = 1800'
INFO: 2020-01-17 11:10:01,002: log_options() 'change_on_start = True'
INFO: 2020-01-17 11:10:01,002: log_options() 'clipboard_enabled = False'
INFO: 2020-01-17 11:10:01,002: log_options() 'clipboard_hosts = ['wallhaven.cc', 'wallpapers.net', 'flickr.com', 'imgur.com', 'deviantart.com', 'interfacelift.com', 'vladstudio.com', 'imageshack.us', 'deviantart.net', 'imageshack.com']'
INFO: 2020-01-17 11:10:01,002: log_options() 'clipboard_use_whitelist = True'
INFO: 2020-01-17 11:10:01,002: log_options() 'clock_date_font = Ubuntu Condensed, 30'
INFO: 2020-01-17 11:10:01,002: log_options() 'clock_enabled = False'
INFO: 2020-01-17 11:10:01,002: log_options() 'clock_filter = -density 100 -font `fc-match -f '%{file[0]}' '%CLOCK_FONT_NAME'` -pointsize %CLOCK_FONT_SIZE -gravity SouthEast -fill '#00000044' -annotate 0x0+[%HOFFSET+58]+[%VOFFSET+108] '%H:%M' -fill white -annotate 0x0+[%HOFFSET+60]+[%VOFFSET+110] '%H:%M' -font `fc-match -f '%{file[0]}' '%DATE_FONT_NAME'` -pointsize %DATE_FONT_SIZE -fill '#00000044' -annotate 0x0+[%HOFFSET+58]+[%VOFFSET+58] '%A, %B %d' -fill white -annotate 0x0+[%HOFFSET+60]+[%VOFFSET+60] '%A, %B %d''
INFO: 2020-01-17 11:10:01,002: log_options() 'clock_font = Ubuntu Condensed, 70'
INFO: 2020-01-17 11:10:01,002: log_options() 'configfile = /home/niel/.config/variety/variety.conf'
INFO: 2020-01-17 11:10:01,002: log_options() 'copyto_enabled = False'
INFO: 2020-01-17 11:10:01,002: log_options() 'copyto_folder = Default'
INFO: 2020-01-17 11:10:01,002: log_options() 'desired_color = [160, 160, 160]'
INFO: 2020-01-17 11:10:01,002: log_options() 'desired_color_enabled = False'
INFO: 2020-01-17 11:10:01,003: log_options() 'download_folder = /home/niel/.config/variety/Downloaded'
INFO: 2020-01-17 11:10:01,003: log_options() 'download_preference_ratio = 0.9'
INFO: 2020-01-17 11:10:01,003: log_options() 'favorites_folder = /home/niel/.config/variety/Favorites'
INFO: 2020-01-17 11:10:01,003: log_options() 'favorites_operations = [['Downloaded', 'Copy'], ['Fetched', 'Move'], ['Others', 'Copy']]'
INFO: 2020-01-17 11:10:01,003: log_options() 'fetched_folder = /home/niel/.config/variety/Fetched'
INFO: 2020-01-17 11:10:01,003: log_options() 'filters = [[False, 'Keep original', ''], [False, 'Grayscale', '-type Grayscale'], [False, 'Heavy blur', '-blur 120x40'], [False, 'Soft blur', '-blur 20x7'], [False, 'Oil painting', '-paint 8'], [False, 'Pencil sketch', '-colorspace gray \\( +clone -tile ~/.config/variety/pencil_tile.png -draw "color 0,0 reset" +clone +swap -compose color_dodge -composite \\) -fx \'u*.2+v*.8\''], [False, 'Pointilism', '-spread 10 -noise 3'], [False, 'Pixellate', '-scale 3% -scale 3333%']]'
INFO: 2020-01-17 11:10:01,003: log_options() 'icon = Light'
INFO: 2020-01-17 11:10:01,003: log_options() 'lightness_enabled = False'
INFO: 2020-01-17 11:10:01,003: log_options() 'lightness_mode = 0'
INFO: 2020-01-17 11:10:01,003: log_options() 'min_rating = 4'
INFO: 2020-01-17 11:10:01,003: log_options() 'min_rating_enabled = False'
INFO: 2020-01-17 11:10:01,003: log_options() 'min_size = 80'
INFO: 2020-01-17 11:10:01,003: log_options() 'min_size_enabled = True'
INFO: 2020-01-17 11:10:01,003: log_options() 'quota_enabled = True'
INFO: 2020-01-17 11:10:01,003: log_options() 'quota_size = 500'
INFO: 2020-01-17 11:10:01,004: log_options() 'quotes_authors = '
INFO: 2020-01-17 11:10:01,004: log_options() 'quotes_bg_color = [80, 80, 80]'
INFO: 2020-01-17 11:10:01,004: log_options() 'quotes_bg_opacity = 55'
INFO: 2020-01-17 11:10:01,004: log_options() 'quotes_change_enabled = False'
INFO: 2020-01-17 11:10:01,004: log_options() 'quotes_change_interval = 300'
INFO: 2020-01-17 11:10:01,004: log_options() 'quotes_disabled_sources = ['Urban Dictionary']'
INFO: 2020-01-17 11:10:01,004: log_options() 'quotes_enabled = False'
INFO: 2020-01-17 11:10:01,004: log_options() 'quotes_favorites_file = /home/niel/.config/variety/favorite_quotes.txt'
INFO: 2020-01-17 11:10:01,004: log_options() 'quotes_font = Bitstream Charter 30'
INFO: 2020-01-17 11:10:01,004: log_options() 'quotes_hpos = 100'
INFO: 2020-01-17 11:10:01,004: log_options() 'quotes_max_length = 250'
INFO: 2020-01-17 11:10:01,004: log_options() 'quotes_tags = '
INFO: 2020-01-17 11:10:01,004: log_options() 'quotes_text_color = [255, 255, 255]'
INFO: 2020-01-17 11:10:01,004: log_options() 'quotes_text_shadow = False'
INFO: 2020-01-17 11:10:01,004: log_options() 'quotes_vpos = 40'
INFO: 2020-01-17 11:10:01,004: log_options() 'quotes_width = 70'
INFO: 2020-01-17 11:10:01,005: log_options() 'safe_mode = False'
INFO: 2020-01-17 11:10:01,005: log_options() 'slideshow_custom_enabled = False'
INFO: 2020-01-17 11:10:01,005: log_options() 'slideshow_custom_folder = /home/niel/Pictures'
INFO: 2020-01-17 11:10:01,005: log_options() 'slideshow_downloads_enabled = False'
INFO: 2020-01-17 11:10:01,005: log_options() 'slideshow_fade = 0.4'
INFO: 2020-01-17 11:10:01,005: log_options() 'slideshow_favorites_enabled = True'
INFO: 2020-01-17 11:10:01,005: log_options() 'slideshow_mode = Fullscreen'
INFO: 2020-01-17 11:10:01,005: log_options() 'slideshow_monitor = All'
INFO: 2020-01-17 11:10:01,005: log_options() 'slideshow_pan = 0.05'
INFO: 2020-01-17 11:10:01,005: log_options() 'slideshow_seconds = 6.0'
INFO: 2020-01-17 11:10:01,005: log_options() 'slideshow_sort_order = Random'
INFO: 2020-01-17 11:10:01,005: log_options() 'slideshow_sources_enabled = True'
INFO: 2020-01-17 11:10:01,005: log_options() 'slideshow_zoom = 0.2'
INFO: 2020-01-17 11:10:01,005: log_options() 'smart_enabled = False'
INFO: 2020-01-17 11:10:01,005: log_options() 'smart_notice_shown = True'
INFO: 2020-01-17 11:10:01,006: log_options() 'smart_register_shown = False'
INFO: 2020-01-17 11:10:01,006: log_options() 'sources = [[True, 'favorites', 'The Favorites folder'], [True, 'fetched', 'The Fetched folder'], [True, 'folder', '/usr/share/backgrounds'], [True, 'desktoppr', 'Random wallpapers from Desktoppr.co'], [False, 'bing', 'Bing Photo of the Day'], [False, 'unsplash', 'High-resolution photos from Unsplash.com'], [False, 'apod', "NASA's Astronomy Picture of the Day"], [False, 'earth', 'World Sunlight Map - live wallpaper from Die.net'], [False, 'flickr', 'user:www.flickr.com/photos/peter-levi/;user_id:93647178@N00;'], [True, 'folder', '/home/niel/DATA/wallpapers'], [False, 'chromeos', 'Chrome OS Wallpapers'], [False, 'earthview', 'Google Earth View Wallpapers']]'
INFO: 2020-01-17 11:10:01,006: log_options() 'stats_enabled = True'
INFO: 2020-01-17 11:10:01,006: log_options() 'stats_notice_shown = True'
INFO: 2020-01-17 11:10:01,006: log_options() 'sync_enabled = True'
INFO: 2020-01-17 11:10:01,006: log_options() 'use_landscape_enabled = True'
INFO: 2020-01-17 11:10:01,006: reload_config() 'No need to clear prepared queue'
INFO: 2020-01-17 11:10:01,006: update_indicator() 'Setting file info to: /usr/share/backgrounds/arcolinux/arco-wallpaper.jpg'
INFO: 2020-01-17 11:10:01,012: load_last_change_time() 'Change interval < 6 hours, ignore persisted last_change_time, wait initially the whole interval: 1800'
INFO: 2020-01-17 11:10:01,012: update_indicator() 'Setting file info to: /usr/share/backgrounds/arcolinux/arco-wallpaper.jpg'
INFO: 2020-01-17 11:10:01,013: regular_change_thread() 'regular_change thread running'
INFO: 2020-01-17 11:10:01,013: prepare_thread() 'Prepare thread running'
INFO: 2020-01-17 11:10:01,014: prepare_thread() 'Prepared buffer contains 0 images'
INFO: 2020-01-17 11:10:01,014: prepare_thread() 'Preparing some images'
INFO: 2020-01-17 11:10:01,017: update_indicator_icon() 'Creating indicator'
WARNING: 2020-01-17 11:10:01,034: create_menu() 'Variety Slideshow is not installed. This is an optional extension adding pan-and-zoom slideshows to Variety: see https://github.com/peterlevi/variety-slideshow for details'
INFO: 2020-01-17 11:10:01,036: create_indicator() 'indicator backend: fallback tray'
INFO: 2020-01-17 11:10:01,113: do_set_wp() 'Calling do_set_wp with /usr/share/backgrounds/arcolinux/arco-wallpaper.jpg, time: 1579255801.1130078'
INFO: 2020-01-17 11:10:01,130: set_from_theme_icon() 'Showing status icon variety-indicator from GTK theme'
INFO: 2020-01-17 11:10:01,132: update_indicator() 'Setting file info to: /usr/share/backgrounds/arcolinux/arco-wallpaper.jpg'
INFO: 2020-01-17 11:10:01,134: list_files() 'More than 1 files in the folders, stop listing'
INFO: 2020-01-17 11:10:02,176: prepare_thread() 'After search prepared buffer contains 93 images'
INFO: 2020-01-17 11:10:03,593: reload() 'Reloading preferences dialog'
INFO: 2020-01-17 11:10:03,612: download_one() 'Downloading world sunlight map from https://www.die.net/earth/'
INFO: 2020-01-17 11:10:03,612: save_locally() 'Origin URL: https://www.die.net/earth/'
INFO: 2020-01-17 11:10:03,613: save_locally() 'Image URL: https://static.die.net/earth/mercator/1600.jpg'
INFO: 2020-01-17 11:10:03,613: save_locally() 'Local path: /home/niel/.config/variety/Downloaded/Earth/1600.jpg'
INFO: 2020-01-17 11:10:03,656: save_locally() 'Download failed from image URL: https://static.die.net/earth/mercator/1600.jpg (source location: https://www.die.net/earth/) '
ERROR: 2020-01-17 11:10:03,656: safe_unlink() 'Could not delete /home/niel/.config/variety/Downloaded/Earth/1600.jpg.partial, ignoring'
Traceback (most recent call last):
  File "/usr/lib/python3.8/site-packages/urllib3/connection.py", line 156, in _new_conn
    conn = connection.create_connection(
  File "/usr/lib/python3.8/site-packages/urllib3/util/connection.py", line 61, in create_connection
    for res in socket.getaddrinfo(host, port, family, socket.SOCK_STREAM):
  File "/usr/lib/python3.8/socket.py", line 918, in getaddrinfo
    for res in _socket.getaddrinfo(host, port, family, type, proto, flags):
socket.gaierror: [Errno -2] Name or service not known

During handling of the above exception, another exception occurred:

Traceback (most recent call last):
  File "/usr/lib/python3.8/site-packages/urllib3/connectionpool.py", line 665, in urlopen
    httplib_response = self._make_request(
  File "/usr/lib/python3.8/site-packages/urllib3/connectionpool.py", line 376, in _make_request
    self._validate_conn(conn)
  File "/usr/lib/python3.8/site-packages/urllib3/connectionpool.py", line 994, in _validate_conn
    conn.connect()
  File "/usr/lib/python3.8/site-packages/urllib3/connection.py", line 334, in connect
    conn = self._new_conn()
  File "/usr/lib/python3.8/site-packages/urllib3/connection.py", line 168, in _new_conn
    raise NewConnectionError(
urllib3.exceptions.NewConnectionError: <urllib3.connection.VerifiedHTTPSConnection object at 0x7f8a00d6cdf0>: Failed to establish a new connection: [Errno -2] Name or service not known

During handling of the above exception, another exception occurred:

Traceback (most recent call last):
  File "/usr/lib/python3.8/site-packages/requests/adapters.py", line 439, in send
    resp = conn.urlopen(
  File "/usr/lib/python3.8/site-packages/urllib3/connectionpool.py", line 719, in urlopen
    retries = retries.increment(
  File "/usr/lib/python3.8/site-packages/urllib3/util/retry.py", line 436, in increment
    raise MaxRetryError(_pool, url, error or ResponseError(cause))
urllib3.exceptions.MaxRetryError: HTTPSConnectionPool(host='static.die.net', port=443): Max retries exceeded with url: /earth/mercator/1600.jpg (Caused by NewConnectionError('<urllib3.connection.VerifiedHTTPSConnection object at 0x7f8a00d6cdf0>: Failed to establish a new connection: [Errno -2] Name or service not known'))

During handling of the above exception, another exception occurred:

Traceback (most recent call last):
  File "/usr/lib/python3.8/site-packages/variety/plugins/downloaders/DefaultDownloader.py", line 233, in save_locally
    r = Util.request(
  File "/usr/lib/python3.8/site-packages/variety/Util.py", line 612, in request
    r = requests.request(
  File "/usr/lib/python3.8/site-packages/requests/api.py", line 60, in request
    return session.request(method=method, url=url, **kwargs)
  File "/usr/lib/python3.8/site-packages/requests/sessions.py", line 533, in request
    resp = self.send(prep, **send_kwargs)
  File "/usr/lib/python3.8/site-packages/requests/sessions.py", line 646, in send
    r = adapter.send(request, **kwargs)
  File "/usr/lib/python3.8/site-packages/requests/adapters.py", line 516, in send
    raise ConnectionError(e, request=request)
requests.exceptions.ConnectionError: HTTPSConnectionPool(host='static.die.net', port=443): Max retries exceeded with url: /earth/mercator/1600.jpg (Caused by NewConnectionError('<urllib3.connection.VerifiedHTTPSConnection object at 0x7f8a00d6cdf0>: Failed to establish a new connection: [Errno -2] Name or service not known'))

During handling of the above exception, another exception occurred:

Traceback (most recent call last):
  File "/usr/lib/python3.8/site-packages/variety/Util.py", line 880, in safe_unlink
    os.unlink(filepath)
FileNotFoundError: [Errno 2] No such file or directory: '/home/niel/.config/variety/Downloaded/Earth/1600.jpg.partial'
INFO: 2020-01-17 11:10:04,176: trigger_download() 'Triggering download thread to check if download needed'
INFO: 2020-01-17 11:10:05,857: fetch() 'Trying to fetch URL %U to /home/niel/.config/variety/Fetched '
ERROR: 2020-01-17 11:10:05,981: fetch() 'Fetch failed for URL file://%U'
Traceback (most recent call last):
  File "/usr/lib/python3.8/site-packages/variety/ImageFetcher.py", line 72, in fetch
    r = Util.request(url, stream=True)
  File "/usr/lib/python3.8/site-packages/variety/Util.py", line 612, in request
    r = requests.request(
  File "/usr/lib/python3.8/site-packages/requests/api.py", line 60, in request
    return session.request(method=method, url=url, **kwargs)
  File "/usr/lib/python3.8/site-packages/requests/sessions.py", line 533, in request
    resp = self.send(prep, **send_kwargs)
  File "/usr/lib/python3.8/site-packages/requests/sessions.py", line 640, in send
    adapter = self.get_adapter(url=request.url)
  File "/usr/lib/python3.8/site-packages/requests/sessions.py", line 731, in get_adapter
    raise InvalidSchema("No connection adapters were found for '%s'" % url)
requests.exceptions.InvalidSchema: No connection adapters were found for 'file://%U'
INFO: 2020-01-17 11:10:06,014: set_wallpaper() 'Calling set_wallpaper with /home/niel/.config/variety/Downloaded/Desktoppr/03422_standingontheedgeofinfinity_3840x2400.jpg'
INFO: 2020-01-17 11:10:06,014: prepare_thread() 'Prepared buffer contains 93 images'
INFO: 2020-01-17 11:10:06,015: do_set_wp() 'Calling do_set_wp with /home/niel/.config/variety/Downloaded/Desktoppr/03422_standingontheedgeofinfinity_3840x2400.jpg, time: 1579255806.0153332'
INFO: 2020-01-17 11:10:06,032: update_indicator() 'Setting file info to: /home/niel/.config/variety/Downloaded/Desktoppr/03422_standingontheedgeofinfinity_3840x2400.jpg'
INFO: 2020-01-17 11:10:06,038: list_files() 'More than 1 files in the folders, stop listing'
INFO: 2020-01-17 11:10:08,015: trigger_download() 'Triggering download thread to check if download needed'
INFO: 2020-01-17 11:10:08,015: trigger_download() 'Triggering download thread to check if download needed'
INFO: 2020-01-17 11:10:08,016: get_throttling() 'Desktoppr.co: parsing serverside options'
INFO: 2020-01-17 11:10:08,016: get_throttling() 'Could not parse Desktoppr.co serverside options, using defaults None, None'
INFO: 2020-01-17 11:10:08,016: get_throttling() 'Desktoppr.co: parsing serverside options'
INFO: 2020-01-17 11:10:08,016: get_throttling() 'Could not parse Desktoppr.co serverside options, using defaults None, None'
INFO: 2020-01-17 11:10:08,016: download_one() 'Desktoppr.co: Downloading an image, config: None'
INFO: 2020-01-17 11:10:08,016: download_one() 'Desktoppr.co: Queue size: 0'
INFO: 2020-01-17 11:10:08,017: get_throttling() 'Desktoppr.co: parsing serverside options'
INFO: 2020-01-17 11:10:08,017: get_throttling() 'Could not parse Desktoppr.co serverside options, using defaults None, None'
INFO: 2020-01-17 11:10:08,017: download_one() 'Desktoppr.co: Filling queue'
INFO: 2020-01-17 11:10:13,923: download_one() 'Desktoppr.co: Queue populated with 1 URLs'
INFO: 2020-01-17 11:10:13,923: save_locally() 'Origin URL: https://www.desktoppr.co/wallpapers/155776'
INFO: 2020-01-17 11:10:13,923: save_locally() 'Image URL: http://a.desktopprassets.com/wallpapers/ab5eac979112fdf32982a61960423b531e183bb8/wallpaper-1600x1050.jpg'
INFO: 2020-01-17 11:10:13,923: save_locally() 'Local path: /home/niel/.config/variety/Downloaded/Desktoppr/wallpaper-1600x1050.jpg'
INFO: 2020-01-17 11:10:14,964: save_locally() 'Download complete'
INFO: 2020-01-17 11:10:14,964: update_indicator() 'Setting file info to: /home/niel/.config/variety/Downloaded/Desktoppr/03422_standingontheedgeofinfinity_3840x2400.jpg'
INFO: 2020-01-17 11:10:14,971: list_files() 'More than 1 files in the folders, stop listing'
INFO: 2020-01-17 11:10:14,972: download_one_from() 'Adding downloaded file /home/niel/.config/variety/Downloaded/Desktoppr/wallpaper-1600x1050.jpg to unseen_downloads'
INFO: 2020-01-17 11:10:21,034: server_options_thread() 'Fetching server options from http://tiny.cc/variety-options-063'
INFO: 2020-01-17 11:10:22,305: server_options_thread() 'Fetched server options: {'flickr': {'min_fill_queue_interval': 1200, 'min_download_interval': 1200}, 'wallbase': {'min_fill_queue_interval': 1800, 'min_download_interval': 1800}, 'wallhaven': {'min_fill_queue_interval': 1800, 'min_download_interval': 1800}, 'wallpapers.net': {'min_fill_queue_interval': 600, 'min_download_interval': 0}, 'unsplash': {'min_fill_queue_interval': 20000000000, 'min_download_interval': 20000000000}, 'unsplash_v2': {'min_fill_queue_interval': 1800, 'min_download_interval': 600}, 'status_message': {'0.0.1': '', '*': ''}}'
INFO: 2020-01-17 11:13:54,460: process_command() 'Received command: ['--preferences']'
INFO: 2020-01-17 11:13:54,467: reload() 'Reloading preferences dialog'
INFO: 2020-01-17 11:14:13,000: apply() 'Applying preferences'
INFO: 2020-01-17 11:14:13,015: set_visible() 'Showing status icon'
INFO: 2020-01-17 11:14:13,016: set_from_theme_icon() 'Showing status icon variety-indicator from GTK theme'
INFO: 2020-01-17 11:14:13,017: log_options() 'Loaded options:'
INFO: 2020-01-17 11:14:13,017: log_options() 'change_enabled = True'
INFO: 2020-01-17 11:14:13,017: log_options() 'change_interval = 300'
INFO: 2020-01-17 11:14:13,017: log_options() 'change_on_start = False'
INFO: 2020-01-17 11:14:13,018: log_options() 'clipboard_enabled = False'
INFO: 2020-01-17 11:14:13,018: log_options() 'clipboard_hosts = ['wallhaven.cc', 'wallpapers.net', 'flickr.com', 'imgur.com', 'deviantart.com', 'interfacelift.com', 'vladstudio.com', 'imageshack.us', 'deviantart.net', 'imageshack.com']'
INFO: 2020-01-17 11:14:13,019: log_options() 'clipboard_use_whitelist = True'
INFO: 2020-01-17 11:14:13,019: log_options() 'clock_date_font = Ubuntu Condensed, 30'
INFO: 2020-01-17 11:14:13,019: log_options() 'clock_enabled = False'
INFO: 2020-01-17 11:14:13,019: log_options() 'clock_filter = -density 100 -font `fc-match -f '%{file[0]}' '%CLOCK_FONT_NAME'` -pointsize %CLOCK_FONT_SIZE -gravity SouthEast -fill '#00000044' -annotate 0x0+[%HOFFSET+58]+[%VOFFSET+108] '%H:%M' -fill white -annotate 0x0+[%HOFFSET+60]+[%VOFFSET+110] '%H:%M' -font `fc-match -f '%{file[0]}' '%DATE_FONT_NAME'` -pointsize %DATE_FONT_SIZE -fill '#00000044' -annotate 0x0+[%HOFFSET+58]+[%VOFFSET+58] '%A, %B %d' -fill white -annotate 0x0+[%HOFFSET+60]+[%VOFFSET+60] '%A, %B %d''
INFO: 2020-01-17 11:14:13,019: log_options() 'clock_font = Ubuntu Condensed, 70'
INFO: 2020-01-17 11:14:13,019: log_options() 'configfile = /home/niel/.config/variety/variety.conf'
INFO: 2020-01-17 11:14:13,019: log_options() 'copyto_enabled = False'
INFO: 2020-01-17 11:14:13,019: log_options() 'copyto_folder = Default'
INFO: 2020-01-17 11:14:13,019: log_options() 'desired_color = [160, 160, 160]'
INFO: 2020-01-17 11:14:13,020: log_options() 'desired_color_enabled = False'
INFO: 2020-01-17 11:14:13,020: log_options() 'download_folder = /home/niel/.config/variety/Downloaded'
INFO: 2020-01-17 11:14:13,020: log_options() 'download_preference_ratio = 0.9'
INFO: 2020-01-17 11:14:13,020: log_options() 'favorites_folder = /home/niel/.config/variety/Favorites'
INFO: 2020-01-17 11:14:13,020: log_options() 'favorites_operations = [['Downloaded', 'Copy'], ['Fetched', 'Move'], ['Others', 'Copy']]'
INFO: 2020-01-17 11:14:13,020: log_options() 'fetched_folder = /home/niel/.config/variety/Fetched'
INFO: 2020-01-17 11:14:13,020: log_options() 'filters = [[False, 'Keep original', ''], [False, 'Grayscale', '-type Grayscale'], [False, 'Heavy blur', '-blur 120x40'], [False, 'Soft blur', '-blur 20x7'], [False, 'Oil painting', '-paint 8'], [False, 'Pointilism', '-spread 10 -noise 3'], [False, 'Pixellate', '-scale 3% -scale 3333%']]'
INFO: 2020-01-17 11:14:13,020: log_options() 'icon = Light'
INFO: 2020-01-17 11:14:13,021: log_options() 'lightness_enabled = False'
INFO: 2020-01-17 11:14:13,021: log_options() 'lightness_mode = 0'
INFO: 2020-01-17 11:14:13,021: log_options() 'min_rating = 4'
INFO: 2020-01-17 11:14:13,021: log_options() 'min_rating_enabled = False'
INFO: 2020-01-17 11:14:13,021: log_options() 'min_size = 80'
INFO: 2020-01-17 11:14:13,021: log_options() 'min_size_enabled = True'
INFO: 2020-01-17 11:14:13,021: log_options() 'quota_enabled = True'
INFO: 2020-01-17 11:14:13,021: log_options() 'quota_size = 1000'
INFO: 2020-01-17 11:14:13,021: log_options() 'quotes_authors = '
INFO: 2020-01-17 11:14:13,022: log_options() 'quotes_bg_color = [80, 80, 80]'
INFO: 2020-01-17 11:14:13,022: log_options() 'quotes_bg_opacity = 55'
INFO: 2020-01-17 11:14:13,022: log_options() 'quotes_change_enabled = False'
INFO: 2020-01-17 11:14:13,022: log_options() 'quotes_change_interval = 300'
INFO: 2020-01-17 11:14:13,022: log_options() 'quotes_disabled_sources = ['Urban Dictionary']'
INFO: 2020-01-17 11:14:13,022: log_options() 'quotes_enabled = False'
INFO: 2020-01-17 11:14:13,022: log_options() 'quotes_favorites_file = /home/niel/.config/variety/favorite_quotes.txt'
INFO: 2020-01-17 11:14:13,022: log_options() 'quotes_font = Bitstream Charter 30'
INFO: 2020-01-17 11:14:13,023: log_options() 'quotes_hpos = 100'
INFO: 2020-01-17 11:14:13,023: log_options() 'quotes_max_length = 250'
INFO: 2020-01-17 11:14:13,023: log_options() 'quotes_tags = '
INFO: 2020-01-17 11:14:13,023: log_options() 'quotes_text_color = [255, 255, 255]'
INFO: 2020-01-17 11:14:13,023: log_options() 'quotes_text_shadow = False'
INFO: 2020-01-17 11:14:13,023: log_options() 'quotes_vpos = 40'
INFO: 2020-01-17 11:14:13,023: log_options() 'quotes_width = 70'
INFO: 2020-01-17 11:14:13,024: log_options() 'safe_mode = False'
INFO: 2020-01-17 11:14:13,024: log_options() 'slideshow_custom_enabled = False'
INFO: 2020-01-17 11:14:13,024: log_options() 'slideshow_custom_folder = /home/niel/Pictures'
INFO: 2020-01-17 11:14:13,024: log_options() 'slideshow_downloads_enabled = False'
INFO: 2020-01-17 11:14:13,024: log_options() 'slideshow_fade = 0.4'
INFO: 2020-01-17 11:14:13,024: log_options() 'slideshow_favorites_enabled = True'
INFO: 2020-01-17 11:14:13,024: log_options() 'slideshow_mode = Fullscreen'
INFO: 2020-01-17 11:14:13,024: log_options() 'slideshow_monitor = All'
INFO: 2020-01-17 11:14:13,025: log_options() 'slideshow_pan = 0.05'
INFO: 2020-01-17 11:14:13,025: log_options() 'slideshow_seconds = 6.0'
INFO: 2020-01-17 11:14:13,025: log_options() 'slideshow_sort_order = Random'
INFO: 2020-01-17 11:14:13,025: log_options() 'slideshow_sources_enabled = True'
INFO: 2020-01-17 11:14:13,025: log_options() 'slideshow_zoom = 0.2'
INFO: 2020-01-17 11:14:13,025: log_options() 'smart_enabled = False'
INFO: 2020-01-17 11:14:13,025: log_options() 'smart_notice_shown = False'
INFO: 2020-01-17 11:14:13,025: log_options() 'smart_register_shown = False'
INFO: 2020-01-17 11:14:13,025: log_options() 'sources = [[True, 'favorites', 'The Favorites folder'], [False, 'fetched', 'The Fetched folder'], [True, 'folder', '/usr/share/backgrounds'], [False, 'flickr', 'user:www.flickr.com/photos/peter-levi/;user_id:93647178@N00;'], [False, 'apod', "NASA's Astronomy Picture of the Day"], [False, 'bing', 'Bing Photo of the Day'], [False, 'chromeos', 'Chrome OS Wallpapers'], [False, 'desktoppr', 'Random wallpapers from Desktoppr.co'], [False, 'earth', 'World Sunlight Map - live wallpaper from Die.net'], [False, 'earthview', 'Google Earth View Wallpapers'], [False, 'unsplash', 'High-resolution photos from Unsplash.com']]'
INFO: 2020-01-17 11:14:13,026: log_options() 'stats_enabled = True'
INFO: 2020-01-17 11:14:13,026: log_options() 'stats_notice_shown = False'
INFO: 2020-01-17 11:14:13,026: log_options() 'sync_enabled = True'
INFO: 2020-01-17 11:14:13,026: log_options() 'use_landscape_enabled = True'
INFO: 2020-01-17 11:14:13,026: clear_prepared_queue() 'Clearing prepared queue'
INFO: 2020-01-17 11:14:13,026: update_indicator() 'Setting file info to: /home/niel/.config/variety/Downloaded/Desktoppr/03422_standingontheedgeofinfinity_3840x2400.jpg'
INFO: 2020-01-17 11:14:13,026: prepare_thread() 'Prepared buffer contains 0 images'
INFO: 2020-01-17 11:14:13,027: prepare_thread() 'Preparing some images'
INFO: 2020-01-17 11:14:13,036: list_files() 'More than 1 files in the folders, stop listing'
INFO: 2020-01-17 11:14:13,050: prepare_thread() 'After search prepared buffer contains 31 images'
INFO: 2020-01-17 11:14:13,050: prepare_thread() 'Prepared buffer contains 31 images'
INFO: 2020-01-17 11:14:13,137: do_set_wp() 'Calling do_set_wp with /home/niel/.config/variety/Downloaded/Desktoppr/03422_standingontheedgeofinfinity_3840x2400.jpg, time: 1579256053.1379044'
INFO: 2020-01-17 11:14:13,159: update_indicator() 'Setting file info to: /home/niel/.config/variety/Downloaded/Desktoppr/03422_standingontheedgeofinfinity_3840x2400.jpg'
INFO: 2020-01-17 11:14:13,167: list_files() 'More than 1 files in the folders, stop listing'
INFO: 2020-01-17 11:14:13,474: apply() 'Applying preferences'
INFO: 2020-01-17 11:14:13,484: set_visible() 'Showing status icon'
INFO: 2020-01-17 11:14:13,484: set_from_theme_icon() 'Showing status icon variety-indicator from GTK theme'
INFO: 2020-01-17 11:14:13,485: log_options() 'Loaded options:'
INFO: 2020-01-17 11:14:13,485: log_options() 'change_enabled = True'
INFO: 2020-01-17 11:14:13,485: log_options() 'change_interval = 300'
INFO: 2020-01-17 11:14:13,485: log_options() 'change_on_start = True'
INFO: 2020-01-17 11:14:13,485: log_options() 'clipboard_enabled = False'
INFO: 2020-01-17 11:14:13,485: log_options() 'clipboard_hosts = ['wallhaven.cc', 'wallpapers.net', 'flickr.com', 'imgur.com', 'deviantart.com', 'interfacelift.com', 'vladstudio.com', 'imageshack.us', 'deviantart.net', 'imageshack.com']'
INFO: 2020-01-17 11:14:13,486: log_options() 'clipboard_use_whitelist = True'
INFO: 2020-01-17 11:14:13,486: log_options() 'clock_date_font = Ubuntu Condensed, 30'
INFO: 2020-01-17 11:14:13,486: log_options() 'clock_enabled = False'
INFO: 2020-01-17 11:14:13,486: log_options() 'clock_filter = -density 100 -font `fc-match -f '%{file[0]}' '%CLOCK_FONT_NAME'` -pointsize %CLOCK_FONT_SIZE -gravity SouthEast -fill '#00000044' -annotate 0x0+[%HOFFSET+58]+[%VOFFSET+108] '%H:%M' -fill white -annotate 0x0+[%HOFFSET+60]+[%VOFFSET+110] '%H:%M' -font `fc-match -f '%{file[0]}' '%DATE_FONT_NAME'` -pointsize %DATE_FONT_SIZE -fill '#00000044' -annotate 0x0+[%HOFFSET+58]+[%VOFFSET+58] '%A, %B %d' -fill white -annotate 0x0+[%HOFFSET+60]+[%VOFFSET+60] '%A, %B %d''
INFO: 2020-01-17 11:14:13,486: log_options() 'clock_font = Ubuntu Condensed, 70'
INFO: 2020-01-17 11:14:13,486: log_options() 'configfile = /home/niel/.config/variety/variety.conf'
INFO: 2020-01-17 11:14:13,486: log_options() 'copyto_enabled = False'
INFO: 2020-01-17 11:14:13,486: log_options() 'copyto_folder = Default'
INFO: 2020-01-17 11:14:13,486: log_options() 'desired_color = [160, 160, 160]'
INFO: 2020-01-17 11:14:13,486: log_options() 'desired_color_enabled = False'
INFO: 2020-01-17 11:14:13,486: log_options() 'download_folder = /home/niel/.config/variety/Downloaded'
INFO: 2020-01-17 11:14:13,486: log_options() 'download_preference_ratio = 0.9'
INFO: 2020-01-17 11:14:13,486: log_options() 'favorites_folder = /home/niel/.config/variety/Favorites'
INFO: 2020-01-17 11:14:13,487: log_options() 'favorites_operations = [['Downloaded', 'Copy'], ['Fetched', 'Move'], ['Others', 'Copy']]'
INFO: 2020-01-17 11:14:13,487: log_options() 'fetched_folder = /home/niel/.config/variety/Fetched'
INFO: 2020-01-17 11:14:13,487: log_options() 'filters = [[False, 'Keep original', ''], [False, 'Grayscale', '-type Grayscale'], [False, 'Heavy blur', '-blur 120x40'], [False, 'Soft blur', '-blur 20x7'], [False, 'Oil painting', '-paint 8'], [False, 'Pointilism', '-spread 10 -noise 3'], [False, 'Pixellate', '-scale 3% -scale 3333%']]'
INFO: 2020-01-17 11:14:13,487: log_options() 'icon = Light'
INFO: 2020-01-17 11:14:13,487: log_options() 'lightness_enabled = False'
INFO: 2020-01-17 11:14:13,487: log_options() 'lightness_mode = 0'
INFO: 2020-01-17 11:14:13,487: log_options() 'min_rating = 4'
INFO: 2020-01-17 11:14:13,487: log_options() 'min_rating_enabled = False'
INFO: 2020-01-17 11:14:13,487: log_options() 'min_size = 80'
INFO: 2020-01-17 11:14:13,487: log_options() 'min_size_enabled = True'
INFO: 2020-01-17 11:14:13,487: log_options() 'quota_enabled = True'
INFO: 2020-01-17 11:14:13,487: log_options() 'quota_size = 1000'
INFO: 2020-01-17 11:14:13,487: log_options() 'quotes_authors = '
INFO: 2020-01-17 11:14:13,487: log_options() 'quotes_bg_color = [80, 80, 80]'
INFO: 2020-01-17 11:14:13,488: log_options() 'quotes_bg_opacity = 55'
INFO: 2020-01-17 11:14:13,488: log_options() 'quotes_change_enabled = False'
INFO: 2020-01-17 11:14:13,488: log_options() 'quotes_change_interval = 300'
INFO: 2020-01-17 11:14:13,488: log_options() 'quotes_disabled_sources = ['Urban Dictionary']'
INFO: 2020-01-17 11:14:13,488: log_options() 'quotes_enabled = False'
INFO: 2020-01-17 11:14:13,488: log_options() 'quotes_favorites_file = /home/niel/.config/variety/favorite_quotes.txt'
INFO: 2020-01-17 11:14:13,488: log_options() 'quotes_font = Bitstream Charter 30'
INFO: 2020-01-17 11:14:13,488: log_options() 'quotes_hpos = 100'
INFO: 2020-01-17 11:14:13,488: log_options() 'quotes_max_length = 250'
INFO: 2020-01-17 11:14:13,488: log_options() 'quotes_tags = '
INFO: 2020-01-17 11:14:13,488: log_options() 'quotes_text_color = [255, 255, 255]'
INFO: 2020-01-17 11:14:13,488: log_options() 'quotes_text_shadow = False'
INFO: 2020-01-17 11:14:13,489: log_options() 'quotes_vpos = 40'
INFO: 2020-01-17 11:14:13,489: log_options() 'quotes_width = 70'
INFO: 2020-01-17 11:14:13,489: log_options() 'safe_mode = False'
INFO: 2020-01-17 11:14:13,489: log_options() 'slideshow_custom_enabled = False'
INFO: 2020-01-17 11:14:13,489: log_options() 'slideshow_custom_folder = /home/niel/Pictures'
INFO: 2020-01-17 11:14:13,489: log_options() 'slideshow_downloads_enabled = False'
INFO: 2020-01-17 11:14:13,489: log_options() 'slideshow_fade = 0.4'
INFO: 2020-01-17 11:14:13,489: log_options() 'slideshow_favorites_enabled = True'
INFO: 2020-01-17 11:14:13,489: log_options() 'slideshow_mode = Fullscreen'
INFO: 2020-01-17 11:14:13,489: log_options() 'slideshow_monitor = All'
INFO: 2020-01-17 11:14:13,489: log_options() 'slideshow_pan = 0.05'
INFO: 2020-01-17 11:14:13,489: log_options() 'slideshow_seconds = 6.0'
INFO: 2020-01-17 11:14:13,489: log_options() 'slideshow_sort_order = Random'
INFO: 2020-01-17 11:14:13,490: log_options() 'slideshow_sources_enabled = True'
INFO: 2020-01-17 11:14:13,490: log_options() 'slideshow_zoom = 0.2'
INFO: 2020-01-17 11:14:13,490: log_options() 'smart_enabled = False'
INFO: 2020-01-17 11:14:13,490: log_options() 'smart_notice_shown = False'
INFO: 2020-01-17 11:14:13,490: log_options() 'smart_register_shown = False'
INFO: 2020-01-17 11:14:13,490: log_options() 'sources = [[True, 'favorites', 'The Favorites folder'], [False, 'fetched', 'The Fetched folder'], [True, 'folder', '/usr/share/backgrounds'], [False, 'flickr', 'user:www.flickr.com/photos/peter-levi/;user_id:93647178@N00;'], [False, 'apod', "NASA's Astronomy Picture of the Day"], [False, 'bing', 'Bing Photo of the Day'], [False, 'chromeos', 'Chrome OS Wallpapers'], [False, 'desktoppr', 'Random wallpapers from Desktoppr.co'], [False, 'earth', 'World Sunlight Map - live wallpaper from Die.net'], [False, 'earthview', 'Google Earth View Wallpapers'], [False, 'unsplash', 'High-resolution photos from Unsplash.com']]'
INFO: 2020-01-17 11:14:13,490: log_options() 'stats_enabled = True'
INFO: 2020-01-17 11:14:13,490: log_options() 'stats_notice_shown = False'
INFO: 2020-01-17 11:14:13,490: log_options() 'sync_enabled = True'
INFO: 2020-01-17 11:14:13,490: log_options() 'use_landscape_enabled = True'
INFO: 2020-01-17 11:14:13,490: reload_config() 'No need to clear prepared queue'
INFO: 2020-01-17 11:14:13,491: update_indicator() 'Setting file info to: /home/niel/.config/variety/Downloaded/Desktoppr/03422_standingontheedgeofinfinity_3840x2400.jpg'
INFO: 2020-01-17 11:14:13,495: list_files() 'More than 1 files in the folders, stop listing'
INFO: 2020-01-17 11:14:13,496: prepare_thread() 'Prepared buffer contains 31 images'
INFO: 2020-01-17 11:14:14,138: do_set_wp() 'Calling do_set_wp with /home/niel/.config/variety/Downloaded/Desktoppr/03422_standingontheedgeofinfinity_3840x2400.jpg, time: 1579256054.138238'
INFO: 2020-01-17 11:14:14,591: update_indicator() 'Setting file info to: /home/niel/.config/variety/Downloaded/Desktoppr/03422_standingontheedgeofinfinity_3840x2400.jpg'
INFO: 2020-01-17 11:14:14,602: list_files() 'More than 1 files in the folders, stop listing'
INFO: 2020-01-17 11:14:15,050: trigger_download() 'Triggering download thread to check if download needed'
INFO: 2020-01-17 11:14:15,051: trigger_download() 'Triggering download thread to check if download needed'
INFO: 2020-01-17 11:14:15,497: trigger_download() 'Triggering download thread to check if download needed'
INFO: 2020-01-17 11:14:17,287: apply() 'Applying preferences'
INFO: 2020-01-17 11:14:17,303: set_visible() 'Showing status icon'
INFO: 2020-01-17 11:14:17,303: set_from_theme_icon() 'Showing status icon variety-indicator from GTK theme'
INFO: 2020-01-17 11:14:17,304: log_options() 'Loaded options:'
INFO: 2020-01-17 11:14:17,304: log_options() 'change_enabled = True'
INFO: 2020-01-17 11:14:17,305: log_options() 'change_interval = 1800'
INFO: 2020-01-17 11:14:17,305: log_options() 'change_on_start = True'
INFO: 2020-01-17 11:14:17,305: log_options() 'clipboard_enabled = False'
INFO: 2020-01-17 11:14:17,305: log_options() 'clipboard_hosts = ['wallhaven.cc', 'wallpapers.net', 'flickr.com', 'imgur.com', 'deviantart.com', 'interfacelift.com', 'vladstudio.com', 'imageshack.us', 'deviantart.net', 'imageshack.com']'
INFO: 2020-01-17 11:14:17,305: log_options() 'clipboard_use_whitelist = True'
INFO: 2020-01-17 11:14:17,305: log_options() 'clock_date_font = Ubuntu Condensed, 30'
INFO: 2020-01-17 11:14:17,305: log_options() 'clock_enabled = False'
INFO: 2020-01-17 11:14:17,305: log_options() 'clock_filter = -density 100 -font `fc-match -f '%{file[0]}' '%CLOCK_FONT_NAME'` -pointsize %CLOCK_FONT_SIZE -gravity SouthEast -fill '#00000044' -annotate 0x0+[%HOFFSET+58]+[%VOFFSET+108] '%H:%M' -fill white -annotate 0x0+[%HOFFSET+60]+[%VOFFSET+110] '%H:%M' -font `fc-match -f '%{file[0]}' '%DATE_FONT_NAME'` -pointsize %DATE_FONT_SIZE -fill '#00000044' -annotate 0x0+[%HOFFSET+58]+[%VOFFSET+58] '%A, %B %d' -fill white -annotate 0x0+[%HOFFSET+60]+[%VOFFSET+60] '%A, %B %d''
INFO: 2020-01-17 11:14:17,305: log_options() 'clock_font = Ubuntu Condensed, 70'
INFO: 2020-01-17 11:14:17,306: log_options() 'configfile = /home/niel/.config/variety/variety.conf'
INFO: 2020-01-17 11:14:17,306: log_options() 'copyto_enabled = False'
INFO: 2020-01-17 11:14:17,306: log_options() 'copyto_folder = Default'
INFO: 2020-01-17 11:14:17,306: log_options() 'desired_color = [160, 160, 160]'
INFO: 2020-01-17 11:14:17,306: log_options() 'desired_color_enabled = False'
INFO: 2020-01-17 11:14:17,306: log_options() 'download_folder = /home/niel/.config/variety/Downloaded'
INFO: 2020-01-17 11:14:17,306: log_options() 'download_preference_ratio = 0.9'
INFO: 2020-01-17 11:14:17,306: log_options() 'favorites_folder = /home/niel/.config/variety/Favorites'
INFO: 2020-01-17 11:14:17,306: log_options() 'favorites_operations = [['Downloaded', 'Copy'], ['Fetched', 'Move'], ['Others', 'Copy']]'
INFO: 2020-01-17 11:14:17,307: log_options() 'fetched_folder = /home/niel/.config/variety/Fetched'
INFO: 2020-01-17 11:14:17,307: log_options() 'filters = [[False, 'Keep original', ''], [False, 'Grayscale', '-type Grayscale'], [False, 'Heavy blur', '-blur 120x40'], [False, 'Soft blur', '-blur 20x7'], [False, 'Oil painting', '-paint 8'], [False, 'Pointilism', '-spread 10 -noise 3'], [False, 'Pixellate', '-scale 3% -scale 3333%']]'
INFO: 2020-01-17 11:14:17,307: log_options() 'icon = Light'
INFO: 2020-01-17 11:14:17,307: log_options() 'lightness_enabled = False'
INFO: 2020-01-17 11:14:17,307: log_options() 'lightness_mode = 0'
INFO: 2020-01-17 11:14:17,307: log_options() 'min_rating = 4'
INFO: 2020-01-17 11:14:17,307: log_options() 'min_rating_enabled = False'
INFO: 2020-01-17 11:14:17,307: log_options() 'min_size = 80'
INFO: 2020-01-17 11:14:17,307: log_options() 'min_size_enabled = True'
INFO: 2020-01-17 11:14:17,307: log_options() 'quota_enabled = True'
INFO: 2020-01-17 11:14:17,308: log_options() 'quota_size = 1000'
INFO: 2020-01-17 11:14:17,308: log_options() 'quotes_authors = '
INFO: 2020-01-17 11:14:17,308: log_options() 'quotes_bg_color = [80, 80, 80]'
INFO: 2020-01-17 11:14:17,308: log_options() 'quotes_bg_opacity = 55'
INFO: 2020-01-17 11:14:17,308: log_options() 'quotes_change_enabled = False'
INFO: 2020-01-17 11:14:17,308: log_options() 'quotes_change_interval = 300'
INFO: 2020-01-17 11:14:17,308: log_options() 'quotes_disabled_sources = ['Urban Dictionary']'
INFO: 2020-01-17 11:14:17,308: log_options() 'quotes_enabled = False'
INFO: 2020-01-17 11:14:17,308: log_options() 'quotes_favorites_file = /home/niel/.config/variety/favorite_quotes.txt'
INFO: 2020-01-17 11:14:17,309: log_options() 'quotes_font = Bitstream Charter 30'
INFO: 2020-01-17 11:14:17,309: log_options() 'quotes_hpos = 100'
INFO: 2020-01-17 11:14:17,309: log_options() 'quotes_max_length = 250'
INFO: 2020-01-17 11:14:17,309: log_options() 'quotes_tags = '
INFO: 2020-01-17 11:14:17,309: log_options() 'quotes_text_color = [255, 255, 255]'
INFO: 2020-01-17 11:14:17,309: log_options() 'quotes_text_shadow = False'
INFO: 2020-01-17 11:14:17,309: log_options() 'quotes_vpos = 40'
INFO: 2020-01-17 11:14:17,309: log_options() 'quotes_width = 70'
INFO: 2020-01-17 11:14:17,309: log_options() 'safe_mode = False'
INFO: 2020-01-17 11:14:17,310: log_options() 'slideshow_custom_enabled = False'
INFO: 2020-01-17 11:14:17,310: log_options() 'slideshow_custom_folder = /home/niel/Pictures'
INFO: 2020-01-17 11:14:17,310: log_options() 'slideshow_downloads_enabled = False'
INFO: 2020-01-17 11:14:17,310: log_options() 'slideshow_fade = 0.4'
INFO: 2020-01-17 11:14:17,310: log_options() 'slideshow_favorites_enabled = True'
INFO: 2020-01-17 11:14:17,310: log_options() 'slideshow_mode = Fullscreen'
INFO: 2020-01-17 11:14:17,310: log_options() 'slideshow_monitor = All'
INFO: 2020-01-17 11:14:17,310: log_options() 'slideshow_pan = 0.05'
INFO: 2020-01-17 11:14:17,310: log_options() 'slideshow_seconds = 6.0'
INFO: 2020-01-17 11:14:17,310: log_options() 'slideshow_sort_order = Random'
INFO: 2020-01-17 11:14:17,311: log_options() 'slideshow_sources_enabled = True'
INFO: 2020-01-17 11:14:17,311: log_options() 'slideshow_zoom = 0.2'
INFO: 2020-01-17 11:14:17,311: log_options() 'smart_enabled = False'
INFO: 2020-01-17 11:14:17,311: log_options() 'smart_notice_shown = False'
INFO: 2020-01-17 11:14:17,311: log_options() 'smart_register_shown = False'
INFO: 2020-01-17 11:14:17,311: log_options() 'sources = [[True, 'favorites', 'The Favorites folder'], [False, 'fetched', 'The Fetched folder'], [True, 'folder', '/usr/share/backgrounds'], [False, 'flickr', 'user:www.flickr.com/photos/peter-levi/;user_id:93647178@N00;'], [False, 'apod', "NASA's Astronomy Picture of the Day"], [False, 'bing', 'Bing Photo of the Day'], [False, 'chromeos', 'Chrome OS Wallpapers'], [False, 'desktoppr', 'Random wallpapers from Desktoppr.co'], [False, 'earth', 'World Sunlight Map - live wallpaper from Die.net'], [False, 'earthview', 'Google Earth View Wallpapers'], [False, 'unsplash', 'High-resolution photos from Unsplash.com']]'
INFO: 2020-01-17 11:14:17,311: log_options() 'stats_enabled = True'
INFO: 2020-01-17 11:14:17,311: log_options() 'stats_notice_shown = False'
INFO: 2020-01-17 11:14:17,312: log_options() 'sync_enabled = True'
INFO: 2020-01-17 11:14:17,312: log_options() 'use_landscape_enabled = True'
INFO: 2020-01-17 11:14:17,312: reload_config() 'No need to clear prepared queue'
INFO: 2020-01-17 11:14:17,312: update_indicator() 'Setting file info to: /home/niel/.config/variety/Downloaded/Desktoppr/03422_standingontheedgeofinfinity_3840x2400.jpg'
INFO: 2020-01-17 11:14:17,320: list_files() 'More than 1 files in the folders, stop listing'
INFO: 2020-01-17 11:14:17,320: prepare_thread() 'Prepared buffer contains 31 images'
INFO: 2020-01-17 11:14:17,421: do_set_wp() 'Calling do_set_wp with /home/niel/.config/variety/Downloaded/Desktoppr/03422_standingontheedgeofinfinity_3840x2400.jpg, time: 1579256057.4210587'
INFO: 2020-01-17 11:14:17,443: update_indicator() 'Setting file info to: /home/niel/.config/variety/Downloaded/Desktoppr/03422_standingontheedgeofinfinity_3840x2400.jpg'
INFO: 2020-01-17 11:14:17,451: list_files() 'More than 1 files in the folders, stop listing'
INFO: 2020-01-17 11:14:19,321: trigger_download() 'Triggering download thread to check if download needed'
INFO: 2020-01-17 11:14:23,342: apply() 'Applying preferences'
INFO: 2020-01-17 11:14:23,357: set_visible() 'Showing status icon'
INFO: 2020-01-17 11:14:23,358: set_from_theme_icon() 'Showing status icon variety-indicator from GTK theme'
INFO: 2020-01-17 11:14:23,359: log_options() 'Loaded options:'
INFO: 2020-01-17 11:14:23,359: log_options() 'change_enabled = True'
INFO: 2020-01-17 11:14:23,359: log_options() 'change_interval = 1800'
INFO: 2020-01-17 11:14:23,359: log_options() 'change_on_start = True'
INFO: 2020-01-17 11:14:23,359: log_options() 'clipboard_enabled = False'
INFO: 2020-01-17 11:14:23,359: log_options() 'clipboard_hosts = ['wallhaven.cc', 'wallpapers.net', 'flickr.com', 'imgur.com', 'deviantart.com', 'interfacelift.com', 'vladstudio.com', 'imageshack.us', 'deviantart.net', 'imageshack.com']'
INFO: 2020-01-17 11:14:23,359: log_options() 'clipboard_use_whitelist = True'
INFO: 2020-01-17 11:14:23,359: log_options() 'clock_date_font = Ubuntu Condensed, 30'
INFO: 2020-01-17 11:14:23,360: log_options() 'clock_enabled = False'
INFO: 2020-01-17 11:14:23,360: log_options() 'clock_filter = -density 100 -font `fc-match -f '%{file[0]}' '%CLOCK_FONT_NAME'` -pointsize %CLOCK_FONT_SIZE -gravity SouthEast -fill '#00000044' -annotate 0x0+[%HOFFSET+58]+[%VOFFSET+108] '%H:%M' -fill white -annotate 0x0+[%HOFFSET+60]+[%VOFFSET+110] '%H:%M' -font `fc-match -f '%{file[0]}' '%DATE_FONT_NAME'` -pointsize %DATE_FONT_SIZE -fill '#00000044' -annotate 0x0+[%HOFFSET+58]+[%VOFFSET+58] '%A, %B %d' -fill white -annotate 0x0+[%HOFFSET+60]+[%VOFFSET+60] '%A, %B %d''
INFO: 2020-01-17 11:14:23,360: log_options() 'clock_font = Ubuntu Condensed, 70'
INFO: 2020-01-17 11:14:23,360: log_options() 'configfile = /home/niel/.config/variety/variety.conf'
INFO: 2020-01-17 11:14:23,360: log_options() 'copyto_enabled = False'
INFO: 2020-01-17 11:14:23,360: log_options() 'copyto_folder = Default'
INFO: 2020-01-17 11:14:23,360: log_options() 'desired_color = [160, 160, 160]'
INFO: 2020-01-17 11:14:23,360: log_options() 'desired_color_enabled = False'
INFO: 2020-01-17 11:14:23,360: log_options() 'download_folder = /home/niel/.config/variety/Downloaded'
INFO: 2020-01-17 11:14:23,361: log_options() 'download_preference_ratio = 0.9'
INFO: 2020-01-17 11:14:23,361: log_options() 'favorites_folder = /home/niel/.config/variety/Favorites'
INFO: 2020-01-17 11:14:23,361: log_options() 'favorites_operations = [['Downloaded', 'Copy'], ['Fetched', 'Move'], ['Others', 'Copy']]'
INFO: 2020-01-17 11:14:23,361: log_options() 'fetched_folder = /home/niel/.config/variety/Fetched'
INFO: 2020-01-17 11:14:23,361: log_options() 'filters = [[False, 'Keep original', ''], [False, 'Grayscale', '-type Grayscale'], [False, 'Heavy blur', '-blur 120x40'], [False, 'Soft blur', '-blur 20x7'], [False, 'Oil painting', '-paint 8'], [False, 'Pointilism', '-spread 10 -noise 3'], [False, 'Pixellate', '-scale 3% -scale 3333%']]'
INFO: 2020-01-17 11:14:23,361: log_options() 'icon = Light'
INFO: 2020-01-17 11:14:23,361: log_options() 'lightness_enabled = False'
INFO: 2020-01-17 11:14:23,361: log_options() 'lightness_mode = 0'
INFO: 2020-01-17 11:14:23,362: log_options() 'min_rating = 4'
INFO: 2020-01-17 11:14:23,362: log_options() 'min_rating_enabled = False'
INFO: 2020-01-17 11:14:23,362: log_options() 'min_size = 80'
INFO: 2020-01-17 11:14:23,362: log_options() 'min_size_enabled = True'
INFO: 2020-01-17 11:14:23,362: log_options() 'quota_enabled = True'
INFO: 2020-01-17 11:14:23,362: log_options() 'quota_size = 1000'
INFO: 2020-01-17 11:14:23,362: log_options() 'quotes_authors = '
INFO: 2020-01-17 11:14:23,362: log_options() 'quotes_bg_color = [80, 80, 80]'
INFO: 2020-01-17 11:14:23,362: log_options() 'quotes_bg_opacity = 55'
INFO: 2020-01-17 11:14:23,363: log_options() 'quotes_change_enabled = False'
INFO: 2020-01-17 11:14:23,363: log_options() 'quotes_change_interval = 300'
INFO: 2020-01-17 11:14:23,363: log_options() 'quotes_disabled_sources = ['Urban Dictionary']'
INFO: 2020-01-17 11:14:23,363: log_options() 'quotes_enabled = False'
INFO: 2020-01-17 11:14:23,363: log_options() 'quotes_favorites_file = /home/niel/.config/variety/favorite_quotes.txt'
INFO: 2020-01-17 11:14:23,363: log_options() 'quotes_font = Bitstream Charter 30'
INFO: 2020-01-17 11:14:23,363: log_options() 'quotes_hpos = 100'
INFO: 2020-01-17 11:14:23,363: log_options() 'quotes_max_length = 250'
INFO: 2020-01-17 11:14:23,363: log_options() 'quotes_tags = '
INFO: 2020-01-17 11:14:23,364: log_options() 'quotes_text_color = [255, 255, 255]'
INFO: 2020-01-17 11:14:23,364: log_options() 'quotes_text_shadow = False'
INFO: 2020-01-17 11:14:23,364: log_options() 'quotes_vpos = 40'
INFO: 2020-01-17 11:14:23,364: log_options() 'quotes_width = 70'
INFO: 2020-01-17 11:14:23,364: log_options() 'safe_mode = False'
INFO: 2020-01-17 11:14:23,364: log_options() 'slideshow_custom_enabled = False'
INFO: 2020-01-17 11:14:23,364: log_options() 'slideshow_custom_folder = /home/niel/Pictures'
INFO: 2020-01-17 11:14:23,364: log_options() 'slideshow_downloads_enabled = False'
INFO: 2020-01-17 11:14:23,365: log_options() 'slideshow_fade = 0.4'
INFO: 2020-01-17 11:14:23,365: log_options() 'slideshow_favorites_enabled = True'
INFO: 2020-01-17 11:14:23,365: log_options() 'slideshow_mode = Fullscreen'
INFO: 2020-01-17 11:14:23,365: log_options() 'slideshow_monitor = All'
INFO: 2020-01-17 11:14:23,365: log_options() 'slideshow_pan = 0.05'
INFO: 2020-01-17 11:14:23,365: log_options() 'slideshow_seconds = 6.0'
INFO: 2020-01-17 11:14:23,365: log_options() 'slideshow_sort_order = Random'
INFO: 2020-01-17 11:14:23,365: log_options() 'slideshow_sources_enabled = True'
INFO: 2020-01-17 11:14:23,365: log_options() 'slideshow_zoom = 0.2'
INFO: 2020-01-17 11:14:23,366: log_options() 'smart_enabled = False'
INFO: 2020-01-17 11:14:23,366: log_options() 'smart_notice_shown = False'
INFO: 2020-01-17 11:14:23,366: log_options() 'smart_register_shown = False'
INFO: 2020-01-17 11:14:23,366: log_options() 'sources = [[True, 'favorites', 'The Favorites folder'], [False, 'fetched', 'The Fetched folder'], [True, 'folder', '/usr/share/backgrounds'], [False, 'flickr', 'user:www.flickr.com/photos/peter-levi/;user_id:93647178@N00;'], [False, 'apod', "NASA's Astronomy Picture of the Day"], [False, 'bing', 'Bing Photo of the Day'], [False, 'chromeos', 'Chrome OS Wallpapers'], [True, 'desktoppr', 'Random wallpapers from Desktoppr.co'], [False, 'earth', 'World Sunlight Map - live wallpaper from Die.net'], [False, 'earthview', 'Google Earth View Wallpapers'], [False, 'unsplash', 'High-resolution photos from Unsplash.com']]'
INFO: 2020-01-17 11:14:23,366: log_options() 'stats_enabled = True'
INFO: 2020-01-17 11:14:23,366: log_options() 'stats_notice_shown = False'
INFO: 2020-01-17 11:14:23,366: log_options() 'sync_enabled = True'
INFO: 2020-01-17 11:14:23,366: log_options() 'use_landscape_enabled = True'
INFO: 2020-01-17 11:14:23,366: clear_prepared_queue() 'Clearing prepared queue'
INFO: 2020-01-17 11:14:23,367: update_indicator() 'Setting file info to: /home/niel/.config/variety/Downloaded/Desktoppr/03422_standingontheedgeofinfinity_3840x2400.jpg'
INFO: 2020-01-17 11:14:23,367: prepare_thread() 'Prepared buffer contains 0 images'
INFO: 2020-01-17 11:14:23,367: prepare_thread() 'Preparing some images'
INFO: 2020-01-17 11:14:23,380: list_files() 'More than 1 files in the folders, stop listing'
INFO: 2020-01-17 11:14:23,406: prepare_thread() 'After search prepared buffer contains 48 images'
INFO: 2020-01-17 11:14:23,406: prepare_thread() 'Prepared buffer contains 48 images'
INFO: 2020-01-17 11:14:23,481: do_set_wp() 'Calling do_set_wp with /home/niel/.config/variety/Downloaded/Desktoppr/03422_standingontheedgeofinfinity_3840x2400.jpg, time: 1579256063.481785'
INFO: 2020-01-17 11:14:23,505: update_indicator() 'Setting file info to: /home/niel/.config/variety/Downloaded/Desktoppr/03422_standingontheedgeofinfinity_3840x2400.jpg'
INFO: 2020-01-17 11:14:23,513: list_files() 'More than 1 files in the folders, stop listing'
INFO: 2020-01-17 11:14:23,542: list_files() 'More than 1 files in the folders, stop listing'
INFO: 2020-01-17 11:14:25,406: trigger_download() 'Triggering download thread to check if download needed'
INFO: 2020-01-17 11:14:25,407: trigger_download() 'Triggering download thread to check if download needed'
INFO: 2020-01-17 11:14:42,461: apply() 'Applying preferences'
INFO: 2020-01-17 11:14:42,581: set_visible() 'Showing status icon'
INFO: 2020-01-17 11:14:42,590: set_from_theme_icon() 'Showing status icon variety-indicator from GTK theme'
INFO: 2020-01-17 11:14:42,592: log_options() 'Loaded options:'
INFO: 2020-01-17 11:14:42,592: log_options() 'change_enabled = True'
INFO: 2020-01-17 11:14:42,592: log_options() 'change_interval = 1800'
INFO: 2020-01-17 11:14:42,593: log_options() 'change_on_start = True'
INFO: 2020-01-17 11:14:42,593: log_options() 'clipboard_enabled = False'
INFO: 2020-01-17 11:14:42,593: log_options() 'clipboard_hosts = ['wallhaven.cc', 'wallpapers.net', 'flickr.com', 'imgur.com', 'deviantart.com', 'interfacelift.com', 'vladstudio.com', 'imageshack.us', 'deviantart.net', 'imageshack.com']'
INFO: 2020-01-17 11:14:42,593: log_options() 'clipboard_use_whitelist = True'
INFO: 2020-01-17 11:14:42,593: log_options() 'clock_date_font = Ubuntu Condensed, 30'
INFO: 2020-01-17 11:14:42,593: log_options() 'clock_enabled = False'
INFO: 2020-01-17 11:14:42,593: log_options() 'clock_filter = -density 100 -font `fc-match -f '%{file[0]}' '%CLOCK_FONT_NAME'` -pointsize %CLOCK_FONT_SIZE -gravity SouthEast -fill '#00000044' -annotate 0x0+[%HOFFSET+58]+[%VOFFSET+108] '%H:%M' -fill white -annotate 0x0+[%HOFFSET+60]+[%VOFFSET+110] '%H:%M' -font `fc-match -f '%{file[0]}' '%DATE_FONT_NAME'` -pointsize %DATE_FONT_SIZE -fill '#00000044' -annotate 0x0+[%HOFFSET+58]+[%VOFFSET+58] '%A, %B %d' -fill white -annotate 0x0+[%HOFFSET+60]+[%VOFFSET+60] '%A, %B %d''
INFO: 2020-01-17 11:14:42,593: log_options() 'clock_font = Ubuntu Condensed, 70'
INFO: 2020-01-17 11:14:42,593: log_options() 'configfile = /home/niel/.config/variety/variety.conf'
INFO: 2020-01-17 11:14:42,593: log_options() 'copyto_enabled = False'
INFO: 2020-01-17 11:14:42,593: log_options() 'copyto_folder = Default'
INFO: 2020-01-17 11:14:42,593: log_options() 'desired_color = [160, 160, 160]'
INFO: 2020-01-17 11:14:42,594: log_options() 'desired_color_enabled = False'
INFO: 2020-01-17 11:14:42,594: log_options() 'download_folder = /home/niel/.config/variety/Downloaded'
INFO: 2020-01-17 11:14:42,594: log_options() 'download_preference_ratio = 0.9'
INFO: 2020-01-17 11:14:42,594: log_options() 'favorites_folder = /home/niel/.config/variety/Favorites'
INFO: 2020-01-17 11:14:42,594: log_options() 'favorites_operations = [['Downloaded', 'Copy'], ['Fetched', 'Move'], ['Others', 'Copy']]'
INFO: 2020-01-17 11:14:42,594: log_options() 'fetched_folder = /home/niel/.config/variety/Fetched'
INFO: 2020-01-17 11:14:42,594: log_options() 'filters = [[False, 'Keep original', ''], [False, 'Grayscale', '-type Grayscale'], [False, 'Heavy blur', '-blur 120x40'], [False, 'Soft blur', '-blur 20x7'], [False, 'Oil painting', '-paint 8'], [False, 'Pointilism', '-spread 10 -noise 3'], [False, 'Pixellate', '-scale 3% -scale 3333%']]'
INFO: 2020-01-17 11:14:42,594: log_options() 'icon = Light'
INFO: 2020-01-17 11:14:42,595: log_options() 'lightness_enabled = False'
INFO: 2020-01-17 11:14:42,595: log_options() 'lightness_mode = 0'
INFO: 2020-01-17 11:14:42,595: log_options() 'min_rating = 4'
INFO: 2020-01-17 11:14:42,595: log_options() 'min_rating_enabled = False'
INFO: 2020-01-17 11:14:42,595: log_options() 'min_size = 80'
INFO: 2020-01-17 11:14:42,595: log_options() 'min_size_enabled = True'
INFO: 2020-01-17 11:14:42,595: log_options() 'quota_enabled = True'
INFO: 2020-01-17 11:14:42,596: log_options() 'quota_size = 1000'
INFO: 2020-01-17 11:14:42,596: log_options() 'quotes_authors = '
INFO: 2020-01-17 11:14:42,596: log_options() 'quotes_bg_color = [80, 80, 80]'
INFO: 2020-01-17 11:14:42,596: log_options() 'quotes_bg_opacity = 55'
INFO: 2020-01-17 11:14:42,596: log_options() 'quotes_change_enabled = False'
INFO: 2020-01-17 11:14:42,596: log_options() 'quotes_change_interval = 300'
INFO: 2020-01-17 11:14:42,596: log_options() 'quotes_disabled_sources = ['Urban Dictionary']'
INFO: 2020-01-17 11:14:42,597: log_options() 'quotes_enabled = False'
INFO: 2020-01-17 11:14:42,597: log_options() 'quotes_favorites_file = /home/niel/.config/variety/favorite_quotes.txt'
INFO: 2020-01-17 11:14:42,597: log_options() 'quotes_font = Bitstream Charter 30'
INFO: 2020-01-17 11:14:42,597: log_options() 'quotes_hpos = 100'
INFO: 2020-01-17 11:14:42,597: log_options() 'quotes_max_length = 250'
INFO: 2020-01-17 11:14:42,597: log_options() 'quotes_tags = '
INFO: 2020-01-17 11:14:42,598: log_options() 'quotes_text_color = [255, 255, 255]'
INFO: 2020-01-17 11:14:42,598: log_options() 'quotes_text_shadow = False'
INFO: 2020-01-17 11:14:42,598: log_options() 'quotes_vpos = 40'
INFO: 2020-01-17 11:14:42,598: log_options() 'quotes_width = 70'
INFO: 2020-01-17 11:14:42,598: log_options() 'safe_mode = False'
INFO: 2020-01-17 11:14:42,598: log_options() 'slideshow_custom_enabled = False'
INFO: 2020-01-17 11:14:42,599: log_options() 'slideshow_custom_folder = /home/niel/Pictures'
INFO: 2020-01-17 11:14:42,599: log_options() 'slideshow_downloads_enabled = False'
INFO: 2020-01-17 11:14:42,599: log_options() 'slideshow_fade = 0.4'
INFO: 2020-01-17 11:14:42,599: log_options() 'slideshow_favorites_enabled = True'
INFO: 2020-01-17 11:14:42,599: log_options() 'slideshow_mode = Fullscreen'
INFO: 2020-01-17 11:14:42,599: log_options() 'slideshow_monitor = All'
INFO: 2020-01-17 11:14:42,599: log_options() 'slideshow_pan = 0.05'
INFO: 2020-01-17 11:14:42,600: log_options() 'slideshow_seconds = 6.0'
INFO: 2020-01-17 11:14:42,600: log_options() 'slideshow_sort_order = Random'
INFO: 2020-01-17 11:14:42,600: log_options() 'slideshow_sources_enabled = True'
INFO: 2020-01-17 11:14:42,600: log_options() 'slideshow_zoom = 0.2'
INFO: 2020-01-17 11:14:42,600: log_options() 'smart_enabled = False'
INFO: 2020-01-17 11:14:42,600: log_options() 'smart_notice_shown = False'
INFO: 2020-01-17 11:14:42,601: log_options() 'smart_register_shown = False'
INFO: 2020-01-17 11:14:42,601: log_options() 'sources = [[True, 'favorites', 'The Favorites folder'], [False, 'fetched', 'The Fetched folder'], [True, 'folder', '/usr/share/backgrounds'], [False, 'flickr', 'user:www.flickr.com/photos/peter-levi/;user_id:93647178@N00;'], [False, 'apod', "NASA's Astronomy Picture of the Day"], [False, 'bing', 'Bing Photo of the Day'], [False, 'chromeos', 'Chrome OS Wallpapers'], [True, 'desktoppr', 'Random wallpapers from Desktoppr.co'], [False, 'earth', 'World Sunlight Map - live wallpaper from Die.net'], [False, 'earthview', 'Google Earth View Wallpapers'], [False, 'unsplash', 'High-resolution photos from Unsplash.com'], [True, 'folder', '/home/niel/Dropbox/Apps/Desktoppr']]'
INFO: 2020-01-17 11:14:42,601: log_options() 'stats_enabled = True'
INFO: 2020-01-17 11:14:42,601: log_options() 'stats_notice_shown = False'
INFO: 2020-01-17 11:14:42,601: log_options() 'sync_enabled = True'
INFO: 2020-01-17 11:14:42,601: log_options() 'use_landscape_enabled = True'
INFO: 2020-01-17 11:14:42,602: clear_prepared_queue() 'Clearing prepared queue'
INFO: 2020-01-17 11:14:42,602: update_indicator() 'Setting file info to: /home/niel/.config/variety/Downloaded/Desktoppr/03422_standingontheedgeofinfinity_3840x2400.jpg'
INFO: 2020-01-17 11:14:42,602: prepare_thread() 'Prepared buffer contains 0 images'
INFO: 2020-01-17 11:14:42,602: prepare_thread() 'Preparing some images'
INFO: 2020-01-17 11:14:42,617: list_files() 'More than 1 files in the folders, stop listing'
INFO: 2020-01-17 11:14:42,664: update_indicator() 'Setting file info to: /home/niel/.config/variety/Downloaded/Desktoppr/03422_standingontheedgeofinfinity_3840x2400.jpg'
INFO: 2020-01-17 11:14:42,672: list_files() 'More than 1 files in the folders, stop listing'
INFO: 2020-01-17 11:14:42,673: list_files() 'More than 1 files in the folders, stop listing'
INFO: 2020-01-17 11:14:42,702: prepare_thread() 'After search prepared buffer contains 99 images'
INFO: 2020-01-17 11:14:42,702: prepare_thread() 'Prepared buffer contains 99 images'
INFO: 2020-01-17 11:14:42,718: do_set_wp() 'Calling do_set_wp with /home/niel/.config/variety/Downloaded/Desktoppr/03422_standingontheedgeofinfinity_3840x2400.jpg, time: 1579256082.7184339'
INFO: 2020-01-17 11:14:42,738: update_indicator() 'Setting file info to: /home/niel/.config/variety/Downloaded/Desktoppr/03422_standingontheedgeofinfinity_3840x2400.jpg'
INFO: 2020-01-17 11:14:42,743: list_files() 'More than 1 files in the folders, stop listing'
INFO: 2020-01-17 11:14:44,703: trigger_download() 'Triggering download thread to check if download needed'
INFO: 2020-01-17 11:14:44,703: trigger_download() 'Triggering download thread to check if download needed'
INFO: 2020-01-17 11:14:53,904: set_wallpaper() 'Calling set_wallpaper with /home/niel/Dropbox/Apps/Desktoppr/wallhaven-r2ezem.jpg'
INFO: 2020-01-17 11:14:53,904: do_set_wp() 'Calling do_set_wp with /home/niel/Dropbox/Apps/Desktoppr/wallhaven-r2ezem.jpg, time: 1579256093.904599'
INFO: 2020-01-17 11:14:53,922: update_indicator() 'Setting file info to: /home/niel/Dropbox/Apps/Desktoppr/wallhaven-r2ezem.jpg'
INFO: 2020-01-17 11:14:53,947: list_files() 'More than 1 files in the folders, stop listing'
INFO: 2020-01-17 11:14:59,174: update_indicator() 'Setting file info to: /home/niel/Dropbox/Apps/Desktoppr/wallhaven-r2ezem.jpg'
INFO: 2020-01-17 11:14:59,178: list_files() 'More than 1 files in the folders, stop listing'
INFO: 2020-01-17 11:15:01,778: trigger_download() 'Triggering download thread to check if download needed'
INFO: 2020-01-17 11:15:01,878: apply() 'Applying preferences'
INFO: 2020-01-17 11:15:01,893: set_visible() 'Showing status icon'
INFO: 2020-01-17 11:15:01,894: set_from_theme_icon() 'Showing status icon variety-indicator from GTK theme'
INFO: 2020-01-17 11:15:01,895: log_options() 'Loaded options:'
INFO: 2020-01-17 11:15:01,895: log_options() 'change_enabled = True'
INFO: 2020-01-17 11:15:01,895: log_options() 'change_interval = 1800'
INFO: 2020-01-17 11:15:01,895: log_options() 'change_on_start = True'
INFO: 2020-01-17 11:15:01,895: log_options() 'clipboard_enabled = False'
INFO: 2020-01-17 11:15:01,895: log_options() 'clipboard_hosts = ['wallhaven.cc', 'wallpapers.net', 'flickr.com', 'imgur.com', 'deviantart.com', 'interfacelift.com', 'vladstudio.com', 'imageshack.us', 'deviantart.net', 'imageshack.com']'
INFO: 2020-01-17 11:15:01,895: log_options() 'clipboard_use_whitelist = True'
INFO: 2020-01-17 11:15:01,895: log_options() 'clock_date_font = Ubuntu Condensed, 30'
INFO: 2020-01-17 11:15:01,896: log_options() 'clock_enabled = False'
INFO: 2020-01-17 11:15:01,896: log_options() 'clock_filter = -density 100 -font `fc-match -f '%{file[0]}' '%CLOCK_FONT_NAME'` -pointsize %CLOCK_FONT_SIZE -gravity SouthEast -fill '#00000044' -annotate 0x0+[%HOFFSET+58]+[%VOFFSET+108] '%H:%M' -fill white -annotate 0x0+[%HOFFSET+60]+[%VOFFSET+110] '%H:%M' -font `fc-match -f '%{file[0]}' '%DATE_FONT_NAME'` -pointsize %DATE_FONT_SIZE -fill '#00000044' -annotate 0x0+[%HOFFSET+58]+[%VOFFSET+58] '%A, %B %d' -fill white -annotate 0x0+[%HOFFSET+60]+[%VOFFSET+60] '%A, %B %d''
INFO: 2020-01-17 11:15:01,896: log_options() 'clock_font = Ubuntu Condensed, 70'
INFO: 2020-01-17 11:15:01,896: log_options() 'configfile = /home/niel/.config/variety/variety.conf'
INFO: 2020-01-17 11:15:01,896: log_options() 'copyto_enabled = False'
INFO: 2020-01-17 11:15:01,896: log_options() 'copyto_folder = Default'
INFO: 2020-01-17 11:15:01,896: log_options() 'desired_color = [160, 160, 160]'
INFO: 2020-01-17 11:15:01,896: log_options() 'desired_color_enabled = False'
INFO: 2020-01-17 11:15:01,896: log_options() 'download_folder = /home/niel/.config/variety/Downloaded'
INFO: 2020-01-17 11:15:01,897: log_options() 'download_preference_ratio = 0.9'
INFO: 2020-01-17 11:15:01,897: log_options() 'favorites_folder = /home/niel/.config/variety/Favorites'
INFO: 2020-01-17 11:15:01,897: log_options() 'favorites_operations = [['Downloaded', 'Copy'], ['Fetched', 'Move'], ['Others', 'Copy']]'
INFO: 2020-01-17 11:15:01,897: log_options() 'fetched_folder = /home/niel/.config/variety/Fetched'
INFO: 2020-01-17 11:15:01,897: log_options() 'filters = [[False, 'Keep original', ''], [False, 'Grayscale', '-type Grayscale'], [False, 'Heavy blur', '-blur 120x40'], [False, 'Soft blur', '-blur 20x7'], [False, 'Oil painting', '-paint 8'], [False, 'Pointilism', '-spread 10 -noise 3'], [False, 'Pixellate', '-scale 3% -scale 3333%']]'
INFO: 2020-01-17 11:15:01,897: log_options() 'icon = Light'
INFO: 2020-01-17 11:15:01,897: log_options() 'lightness_enabled = False'
INFO: 2020-01-17 11:15:01,897: log_options() 'lightness_mode = 0'
INFO: 2020-01-17 11:15:01,897: log_options() 'min_rating = 4'
INFO: 2020-01-17 11:15:01,898: log_options() 'min_rating_enabled = False'
INFO: 2020-01-17 11:15:01,898: log_options() 'min_size = 80'
INFO: 2020-01-17 11:15:01,898: log_options() 'min_size_enabled = True'
INFO: 2020-01-17 11:15:01,898: log_options() 'quota_enabled = True'
INFO: 2020-01-17 11:15:01,898: log_options() 'quota_size = 1000'
INFO: 2020-01-17 11:15:01,898: log_options() 'quotes_authors = '
INFO: 2020-01-17 11:15:01,898: log_options() 'quotes_bg_color = [80, 80, 80]'
INFO: 2020-01-17 11:15:01,898: log_options() 'quotes_bg_opacity = 55'
INFO: 2020-01-17 11:15:01,898: log_options() 'quotes_change_enabled = False'
INFO: 2020-01-17 11:15:01,899: log_options() 'quotes_change_interval = 300'
INFO: 2020-01-17 11:15:01,899: log_options() 'quotes_disabled_sources = ['Urban Dictionary']'
INFO: 2020-01-17 11:15:01,899: log_options() 'quotes_enabled = False'
INFO: 2020-01-17 11:15:01,899: log_options() 'quotes_favorites_file = /home/niel/.config/variety/favorite_quotes.txt'
INFO: 2020-01-17 11:15:01,899: log_options() 'quotes_font = Bitstream Charter 30'
INFO: 2020-01-17 11:15:01,899: log_options() 'quotes_hpos = 100'
INFO: 2020-01-17 11:15:01,899: log_options() 'quotes_max_length = 250'
INFO: 2020-01-17 11:15:01,899: log_options() 'quotes_tags = '
INFO: 2020-01-17 11:15:01,899: log_options() 'quotes_text_color = [255, 255, 255]'
INFO: 2020-01-17 11:15:01,900: log_options() 'quotes_text_shadow = False'
INFO: 2020-01-17 11:15:01,900: log_options() 'quotes_vpos = 40'
INFO: 2020-01-17 11:15:01,900: log_options() 'quotes_width = 70'
INFO: 2020-01-17 11:15:01,900: log_options() 'safe_mode = False'
INFO: 2020-01-17 11:15:01,900: log_options() 'slideshow_custom_enabled = False'
INFO: 2020-01-17 11:15:01,900: log_options() 'slideshow_custom_folder = /home/niel/Pictures'
INFO: 2020-01-17 11:15:01,900: log_options() 'slideshow_downloads_enabled = False'
INFO: 2020-01-17 11:15:01,900: log_options() 'slideshow_fade = 0.4'
INFO: 2020-01-17 11:15:01,900: log_options() 'slideshow_favorites_enabled = True'
INFO: 2020-01-17 11:15:01,901: log_options() 'slideshow_mode = Fullscreen'
INFO: 2020-01-17 11:15:01,901: log_options() 'slideshow_monitor = All'
INFO: 2020-01-17 11:15:01,901: log_options() 'slideshow_pan = 0.05'
INFO: 2020-01-17 11:15:01,901: log_options() 'slideshow_seconds = 6.0'
INFO: 2020-01-17 11:15:01,901: log_options() 'slideshow_sort_order = Random'
INFO: 2020-01-17 11:15:01,901: log_options() 'slideshow_sources_enabled = True'
INFO: 2020-01-17 11:15:01,901: log_options() 'slideshow_zoom = 0.2'
INFO: 2020-01-17 11:15:01,901: log_options() 'smart_enabled = False'
INFO: 2020-01-17 11:15:01,901: log_options() 'smart_notice_shown = False'
INFO: 2020-01-17 11:15:01,902: log_options() 'smart_register_shown = False'
INFO: 2020-01-17 11:15:01,902: log_options() 'sources = [[True, 'favorites', 'The Favorites folder'], [False, 'fetched', 'The Fetched folder'], [True, 'folder', '/usr/share/backgrounds'], [False, 'flickr', 'user:www.flickr.com/photos/peter-levi/;user_id:93647178@N00;'], [False, 'apod', "NASA's Astronomy Picture of the Day"], [False, 'bing', 'Bing Photo of the Day'], [False, 'chromeos', 'Chrome OS Wallpapers'], [True, 'desktoppr', 'Random wallpapers from Desktoppr.co'], [False, 'earth', 'World Sunlight Map - live wallpaper from Die.net'], [False, 'earthview', 'Google Earth View Wallpapers'], [False, 'unsplash', 'High-resolution photos from Unsplash.com'], [True, 'folder', '/home/niel/Dropbox/Apps/Desktoppr']]'
INFO: 2020-01-17 11:15:01,902: log_options() 'stats_enabled = True'
INFO: 2020-01-17 11:15:01,902: log_options() 'stats_notice_shown = False'
INFO: 2020-01-17 11:15:01,902: log_options() 'sync_enabled = True'
INFO: 2020-01-17 11:15:01,902: log_options() 'use_landscape_enabled = True'
INFO: 2020-01-17 11:15:01,902: reload_config() 'No need to clear prepared queue'
INFO: 2020-01-17 11:15:01,902: update_indicator() 'Setting file info to: /home/niel/Dropbox/Apps/Desktoppr/wallhaven-r2ezem.jpg'
INFO: 2020-01-17 11:15:01,906: list_files() 'More than 1 files in the folders, stop listing'
INFO: 2020-01-17 11:15:01,906: prepare_thread() 'Prepared buffer contains 99 images'
INFO: 2020-01-17 11:15:02,006: do_set_wp() 'Calling do_set_wp with /home/niel/Dropbox/Apps/Desktoppr/wallhaven-r2ezem.jpg, time: 1579256102.0068965'
INFO: 2020-01-17 11:15:02,029: update_indicator() 'Setting file info to: /home/niel/Dropbox/Apps/Desktoppr/wallhaven-r2ezem.jpg'
INFO: 2020-01-17 11:15:02,034: list_files() 'More than 1 files in the folders, stop listing'
INFO: 2020-01-17 11:15:03,907: trigger_download() 'Triggering download thread to check if download needed'
